<?xml version="1.0" encoding="UTF-8"?>
<!-- Generated by org.testng.reporters.JUnitReportReporter -->
<testsuite hostname="DESKTOP-ACLETDP" failures="0" tests="1" name="tests.UserRegistrationTest" time="4.489" errors="0" timestamp="2022-06-04T09:34:07 EET" skipped="0">
  <testcase classname="tests.UserRegistrationTest" name="UserCanRegisterSuccessfully" time="4.489"/>
  <system-out/>
</testsuite> <!-- tests.UserRegistrationTest -->
